<CommunicationLog xmlns="http://knx.org/xml/telegrams/01">
  <Telegram Timestamp="2021-11-26T10:29:36.9957816Z" Service="L_Data.ind" FrameFormat="CommonEmi" RawData="2900BCE01004FD0C010000" />
  <Telegram Timestamp="2021-11-26T10:29:37.0921394Z" Service="L_Data.ind" FrameFormat="CommonEmi" RawData="2900BCE01004FD0B010000" />
  <Telegram Timestamp="2021-11-26T10:29:37.1412863Z" Service="L_Data.ind" FrameFormat="CommonEmi" RawData="2900BCE01004FD10010000" />
  <Telegram Timestamp="2021-11-26T10:29:37.1854506Z" Service="L_Data.ind" FrameFormat="CommonEmi" RawData="2900BCE01004FD0E010000" />
  <Telegram Timestamp="2021-11-26T10:29:37.2301522Z" Service="L_Data.ind" FrameFormat="CommonEmi" RawData="2900BCE01004FD0F010000" />
  <Telegram Timestamp="2021-11-26T10:29:41.3112285Z" Service="L_Data.ind" FrameFormat="CommonEmi" RawData="2900BCE01004FD02010081" />
  <Telegram Timestamp="2021-11-26T10:29:45.2842221Z" Service="L_Data.ind" FrameFormat="CommonEmi" RawData="2900BCE01004FD02010080" />
  <Telegram Timestamp="2021-11-26T10:29:57.6558598Z" Service="L_Data.ind" FrameFormat="CommonEmi" RawData="2900BCE01004FD06010081" />
  <Telegram Timestamp="2021-11-26T10:29:59.8539812Z" Service="L_Data.ind" FrameFormat="CommonEmi" RawData="2900BCE01004FD06010080" />
  <Telegram Timestamp="2021-11-26T10:30:00.5896188Z" Service="L_Data.ind" FrameFormat="CommonEmi" RawData="2900BCE01004FD06010081" />
  <Telegram Timestamp="2021-11-26T10:30:02.5140919Z" Service="L_Data.ind" FrameFormat="CommonEmi" RawData="2900BCE01004FD06010080" />
  <Telegram Timestamp="2021-11-26T10:30:04.9955813Z" Service="L_Data.ind" FrameFormat="CommonEmi" RawData="2900BCE01004FD02010081" />
  <Telegram Timestamp="2021-11-26T10:30:07.5025976Z" Service="L_Data.ind" FrameFormat="CommonEmi" RawData="2900BCE01004FD02010081" />
  <Telegram Timestamp="2021-11-26T10:30:09.3204459Z" Service="L_Data.ind" FrameFormat="CommonEmi" RawData="2900BCE01004FD03010081" />
  <Telegram Timestamp="2021-11-26T10:30:11.5283702Z" Service="L_Data.ind" FrameFormat="CommonEmi" RawData="2900BCE01004FD03010081" />
  <Telegram Timestamp="2021-11-26T10:31:06.453382Z" Service="L_Data.ind" FrameFormat="CommonEmi" RawData="2900BCE01004FD03010081" />
  <Telegram Timestamp="2021-11-26T10:31:08.270839Z" Service="L_Data.ind" FrameFormat="CommonEmi" RawData="2900BCE01004FD02010080" />
  <Telegram Timestamp="2021-11-26T10:31:10.2214432Z" Service="L_Data.ind" FrameFormat="CommonEmi" RawData="2900BCE01004FD02010081" />
  <Telegram Timestamp="2021-11-26T10:31:12.60701Z" Service="L_Data.ind" FrameFormat="CommonEmi" RawData="2900BCE01004FD02010080" />
  <Telegram Timestamp="2021-11-26T10:31:15.3147311Z" Service="L_Data.ind" FrameFormat="CommonEmi" RawData="2900BCE01004FD06010080" />
  <Telegram Timestamp="2021-11-26T10:31:17.066024Z" Service="L_Data.ind" FrameFormat="CommonEmi" RawData="2900BCE01004FD02010081" />
  <Telegram Timestamp="2021-11-26T10:31:18.60383Z" Service="L_Data.ind" FrameFormat="CommonEmi" RawData="2900BCE01004FD03010081" />
</CommunicationLog>